<?xml version="1.0"?>
<!DOCTYPE coverage SYSTEM "http://cobertura.sourceforge.net/xml/coverage-04.dtd">
<coverage line-rate="0.8620689655172413" branch-rate="1.0000000000000000" lines-covered="175" lines-valid="203" branches-covered="0" branches-valid="0" complexity="0.0" timestamp="1531480797" version="Slather 2.4.5">
  <sources>
    <source>/Users/Abhishek/Desktop/Assignment/NYTimesArticles</source>
  </sources>
  <packages>
    <package name="NYTimesArticles.Network" line-rate="0.9310344827586207" branch-rate="1.0000000000000000" complexity="0.0">
      <classes>
        <class name="ArticleService" filename="NYTimesArticles/Network/ArticleService.swift" line-rate="0.9642857142857143" branch-rate="1.0000000000000000" complexity="0.0">
          <methods/>
          <lines>
            <line number="14" branch="false" hits="8"/>
            <line number="15" branch="false" hits="8"/>
            <line number="16" branch="false" hits="8"/>
            <line number="17" branch="false" hits="8"/>
            <line number="19" branch="false" hits="6"/>
            <line number="20" branch="false" hits="6"/>
            <line number="21" branch="false" hits="6"/>
            <line number="22" branch="false" hits="6"/>
            <line number="23" branch="false" hits="6"/>
            <line number="24" branch="false" hits="6"/>
            <line number="25" branch="false" hits="6"/>
            <line number="26" branch="false" hits="5"/>
            <line number="27" branch="false" hits="5"/>
            <line number="28" branch="false" hits="5"/>
            <line number="29" branch="false" hits="5"/>
            <line number="30" branch="false" hits="6"/>
            <line number="31" branch="false" hits="1"/>
            <line number="32" branch="false" hits="1"/>
            <line number="33" branch="false" hits="1"/>
            <line number="34" branch="false" hits="1"/>
            <line number="35" branch="false" hits="1"/>
            <line number="36" branch="false" hits="1"/>
            <line number="37" branch="false" hits="0"/>
            <line number="38" branch="false" hits="1"/>
            <line number="39" branch="false" hits="6"/>
            <line number="40" branch="false" hits="6"/>
            <line number="41" branch="false" hits="6"/>
            <line number="42" branch="false" hits="6"/>
          </lines>
        </class>
        <class name="ServiceRequest" filename="NYTimesArticles/Network/ServiceRequest.swift" line-rate="0.9000000000000000" branch-rate="1.0000000000000000" complexity="0.0">
          <methods/>
          <lines>
            <line number="16" branch="false" hits="6"/>
            <line number="17" branch="false" hits="6"/>
            <line number="18" branch="false" hits="6"/>
            <line number="19" branch="false" hits="6"/>
            <line number="21" branch="false" hits="6"/>
            <line number="22" branch="false" hits="6"/>
            <line number="23" branch="false" hits="6"/>
            <line number="28" branch="false" hits="6"/>
            <line number="29" branch="false" hits="6"/>
            <line number="30" branch="false" hits="6"/>
            <line number="31" branch="false" hits="6"/>
            <line number="32" branch="false" hits="6"/>
            <line number="33" branch="false" hits="6"/>
            <line number="34" branch="false" hits="6"/>
            <line number="35" branch="false" hits="6"/>
            <line number="36" branch="false" hits="6"/>
            <line number="37" branch="false" hits="0"/>
            <line number="38" branch="false" hits="0"/>
            <line number="39" branch="false" hits="6"/>
            <line number="40" branch="false" hits="6"/>
            <line number="41" branch="false" hits="5"/>
            <line number="42" branch="false" hits="6"/>
            <line number="43" branch="false" hits="1"/>
            <line number="44" branch="false" hits="1"/>
            <line number="45" branch="false" hits="6"/>
            <line number="46" branch="false" hits="6"/>
            <line number="47" branch="false" hits="6"/>
            <line number="48" branch="false" hits="0"/>
            <line number="49" branch="false" hits="6"/>
            <line number="50" branch="false" hits="6"/>
          </lines>
        </class>
      </classes>
    </package>
    <package name="NYTimesArticles.Shared" line-rate="0.3600000000000000" branch-rate="1.0000000000000000" complexity="0.0">
      <classes>
        <class name="AppDelegate" filename="NYTimesArticles/Shared/AppDelegate.swift" line-rate="0.3600000000000000" branch-rate="1.0000000000000000" complexity="0.0">
          <methods/>
          <lines>
            <line number="17" branch="false" hits="4"/>
            <line number="18" branch="false" hits="4"/>
            <line number="19" branch="false" hits="4"/>
            <line number="20" branch="false" hits="4"/>
            <line number="21" branch="false" hits="4"/>
            <line number="23" branch="false" hits="0"/>
            <line number="24" branch="false" hits="0"/>
            <line number="25" branch="false" hits="0"/>
            <line number="27" branch="false" hits="0"/>
            <line number="28" branch="false" hits="0"/>
            <line number="29" branch="false" hits="0"/>
            <line number="30" branch="false" hits="0"/>
            <line number="31" branch="false" hits="0"/>
            <line number="33" branch="false" hits="0"/>
            <line number="34" branch="false" hits="0"/>
            <line number="35" branch="false" hits="0"/>
            <line number="36" branch="false" hits="0"/>
            <line number="38" branch="false" hits="4"/>
            <line number="39" branch="false" hits="4"/>
            <line number="40" branch="false" hits="4"/>
            <line number="41" branch="false" hits="4"/>
            <line number="43" branch="false" hits="0"/>
            <line number="44" branch="false" hits="0"/>
            <line number="45" branch="false" hits="0"/>
            <line number="46" branch="false" hits="0"/>
          </lines>
        </class>
      </classes>
    </package>
    <package name="NYTimesArticles.Support" line-rate="1.0000000000000000" branch-rate="1.0000000000000000" complexity="0.0">
      <classes>
        <class name="Box" filename="NYTimesArticles/Support/Box.swift" line-rate="1.0000000000000000" branch-rate="1.0000000000000000" complexity="0.0">
          <methods/>
          <lines>
            <line number="17" branch="false" hits="5"/>
            <line number="18" branch="false" hits="5"/>
            <line number="19" branch="false" hits="5"/>
            <line number="22" branch="false" hits="12"/>
            <line number="23" branch="false" hits="12"/>
            <line number="24" branch="false" hits="12"/>
            <line number="26" branch="false" hits="8"/>
            <line number="27" branch="false" hits="8"/>
            <line number="28" branch="false" hits="8"/>
            <line number="29" branch="false" hits="8"/>
          </lines>
        </class>
        <class name="URLConstants" filename="NYTimesArticles/Support/URLConstants.swift" line-rate="1.0000000000000000" branch-rate="1.0000000000000000" complexity="0.0">
          <methods/>
          <lines>
            <line number="18" branch="false" hits="6"/>
            <line number="19" branch="false" hits="6"/>
            <line number="20" branch="false" hits="6"/>
            <line number="21" branch="false" hits="6"/>
            <line number="22" branch="false" hits="5"/>
            <line number="23" branch="false" hits="6"/>
            <line number="24" branch="false" hits="1"/>
            <line number="25" branch="false" hits="6"/>
            <line number="26" branch="false" hits="6"/>
            <line number="27" branch="false" hits="6"/>
          </lines>
        </class>
      </classes>
    </package>
    <package name="NYTimesArticles.View.TableCell" line-rate="1.0000000000000000" branch-rate="1.0000000000000000" complexity="0.0">
      <classes>
        <class name="ArticleListTableCell" filename="NYTimesArticles/View/TableCell/ArticleListTableCell.swift" line-rate="1.0000000000000000" branch-rate="1.0000000000000000" complexity="0.0">
          <methods/>
          <lines>
            <line number="19" branch="false" hits="65"/>
            <line number="20" branch="false" hits="65"/>
            <line number="21" branch="false" hits="65"/>
            <line number="22" branch="false" hits="65"/>
            <line number="24" branch="false" hits="17"/>
            <line number="25" branch="false" hits="17"/>
            <line number="26" branch="false" hits="17"/>
            <line number="27" branch="false" hits="17"/>
            <line number="29" branch="false" hits="65"/>
            <line number="30" branch="false" hits="65"/>
            <line number="31" branch="false" hits="65"/>
            <line number="32" branch="false" hits="65"/>
            <line number="34" branch="false" hits="82"/>
            <line number="35" branch="false" hits="82"/>
            <line number="36" branch="false" hits="82"/>
            <line number="37" branch="false" hits="82"/>
            <line number="38" branch="false" hits="82"/>
            <line number="39" branch="false" hits="82"/>
            <line number="40" branch="false" hits="82"/>
            <line number="41" branch="false" hits="82"/>
            <line number="42" branch="false" hits="82"/>
            <line number="43" branch="false" hits="82"/>
            <line number="44" branch="false" hits="82"/>
          </lines>
        </class>
      </classes>
    </package>
    <package name="NYTimesArticles.View.ViewControllers" line-rate="0.8805970149253731" branch-rate="1.0000000000000000" complexity="0.0">
      <classes>
        <class name="ArticleDetailViewController" filename="NYTimesArticles/View/ViewControllers/ArticleDetailViewController.swift" line-rate="1.0000000000000000" branch-rate="1.0000000000000000" complexity="0.0">
          <methods/>
          <lines>
            <line number="17" branch="false" hits="1"/>
            <line number="18" branch="false" hits="1"/>
            <line number="19" branch="false" hits="1"/>
            <line number="20" branch="false" hits="1"/>
            <line number="22" branch="false" hits="1"/>
            <line number="23" branch="false" hits="1"/>
            <line number="24" branch="false" hits="1"/>
            <line number="25" branch="false" hits="1"/>
            <line number="26" branch="false" hits="1"/>
            <line number="27" branch="false" hits="1"/>
            <line number="28" branch="false" hits="1"/>
            <line number="29" branch="false" hits="1"/>
            <line number="30" branch="false" hits="1"/>
            <line number="31" branch="false" hits="1"/>
            <line number="32" branch="false" hits="1"/>
          </lines>
        </class>
        <class name="ArticleListViewController" filename="NYTimesArticles/View/ViewControllers/ArticleListViewController.swift" line-rate="0.8461538461538461" branch-rate="1.0000000000000000" complexity="0.0">
          <methods/>
          <lines>
            <line number="18" branch="false" hits="4"/>
            <line number="19" branch="false" hits="4"/>
            <line number="20" branch="false" hits="4"/>
            <line number="21" branch="false" hits="4"/>
            <line number="22" branch="false" hits="4"/>
            <line number="23" branch="false" hits="4"/>
            <line number="24" branch="false" hits="8"/>
            <line number="25" branch="false" hits="8"/>
            <line number="26" branch="false" hits="4"/>
            <line number="27" branch="false" hits="4"/>
            <line number="28" branch="false" hits="8"/>
            <line number="29" branch="false" hits="8"/>
            <line number="30" branch="false" hits="4"/>
            <line number="31" branch="false" hits="4"/>
            <line number="32" branch="false" hits="4"/>
            <line number="33" branch="false" hits="0"/>
            <line number="34" branch="false" hits="0"/>
            <line number="35" branch="false" hits="4"/>
            <line number="36" branch="false" hits="4"/>
            <line number="37" branch="false" hits="4"/>
            <line number="39" branch="false" hits="0"/>
            <line number="40" branch="false" hits="0"/>
            <line number="41" branch="false" hits="0"/>
            <line number="42" branch="false" hits="0"/>
            <line number="43" branch="false" hits="0"/>
            <line number="44" branch="false" hits="0"/>
            <line number="46" branch="false" hits="1"/>
            <line number="47" branch="false" hits="1"/>
            <line number="48" branch="false" hits="1"/>
            <line number="49" branch="false" hits="1"/>
            <line number="50" branch="false" hits="1"/>
            <line number="51" branch="false" hits="1"/>
            <line number="56" branch="false" hits="38"/>
            <line number="57" branch="false" hits="38"/>
            <line number="58" branch="false" hits="38"/>
            <line number="59" branch="false" hits="22"/>
            <line number="60" branch="false" hits="22"/>
            <line number="61" branch="false" hits="16"/>
            <line number="62" branch="false" hits="38"/>
            <line number="64" branch="false" hits="82"/>
            <line number="65" branch="false" hits="82"/>
            <line number="66" branch="false" hits="82"/>
            <line number="67" branch="false" hits="82"/>
            <line number="68" branch="false" hits="82"/>
            <line number="69" branch="false" hits="82"/>
            <line number="70" branch="false" hits="82"/>
            <line number="71" branch="false" hits="82"/>
            <line number="72" branch="false" hits="82"/>
            <line number="74" branch="false" hits="1"/>
            <line number="75" branch="false" hits="1"/>
            <line number="76" branch="false" hits="1"/>
            <line number="77" branch="false" hits="1"/>
          </lines>
        </class>
      </classes>
    </package>
    <package name="NYTimesArticles.ViewModels" line-rate="1.0000000000000000" branch-rate="1.0000000000000000" complexity="0.0">
      <classes>
        <class name="ArticleListViewModel" filename="NYTimesArticles/ViewModels/ArticleListViewModel.swift" line-rate="1.0000000000000000" branch-rate="1.0000000000000000" complexity="0.0">
          <methods/>
          <lines>
            <line number="17" branch="false" hits="6"/>
            <line number="18" branch="false" hits="6"/>
            <line number="19" branch="false" hits="6"/>
            <line number="20" branch="false" hits="5"/>
            <line number="21" branch="false" hits="4"/>
            <line number="22" branch="false" hits="5"/>
            <line number="23" branch="false" hits="1"/>
            <line number="24" branch="false" hits="5"/>
            <line number="25" branch="false" hits="5"/>
            <line number="26" branch="false" hits="6"/>
          </lines>
        </class>
      </classes>
    </package>
  </packages>
</coverage>
